<?xml version="1.0" encoding="UTF-8"?>
<testsuite name="test.java.BDTest" tests="9" skipped="0" failures="0" errors="0" timestamp="2016-10-26T19:50:05" hostname="DESKTOP-IHO29QE" time="1.154">
  <properties/>
  <testcase name="AtestInsertarUsuario" classname="test.java.BDTest" time="0.094"/>
  <testcase name="testActualizarUsuario" classname="test.java.BDTest" time="0.101"/>
  <testcase name="testEliminarUsuario" classname="test.java.BDTest" time="0.124"/>
  <testcase name="testFindComentario" classname="test.java.BDTest" time="0.534"/>
  <testcase name="testFindDeporte" classname="test.java.BDTest" time="0.061"/>
  <testcase name="testFindEvento" classname="test.java.BDTest" time="0.06"/>
  <testcase name="testFindMensaje" classname="test.java.BDTest" time="0.06"/>
  <testcase name="testFindUsuario" classname="test.java.BDTest" time="0.061"/>
  <testcase name="testListarDeportes" classname="test.java.BDTest" time="0.059"/>
  <system-out><![CDATA[]]></system-out>
  <system-err><![CDATA[]]></system-err>
</testsuite>
