<?xml version="1.0" encoding="UTF-8"?>
<testsuite name="test.java.UsuariosServletTest" tests="4" skipped="0" failures="0" errors="0" timestamp="2016-10-26T19:50:06" hostname="DESKTOP-IHO29QE" time="4.831">
  <properties/>
  <testcase name="testPostErroneo" classname="test.java.UsuariosServletTest" time="4.605"/>
  <testcase name="testGetOK" classname="test.java.UsuariosServletTest" time="0.067"/>
  <testcase name="testGetErroneo" classname="test.java.UsuariosServletTest" time="0.068"/>
  <testcase name="testPostOK" classname="test.java.UsuariosServletTest" time="0.09"/>
  <system-out><![CDATA[Error al insertar usuario
Error en buscar Usuario
]]></system-out>
  <system-err><![CDATA[]]></system-err>
</testsuite>
