<?xml version="1.0" encoding="UTF-8"?>
<testsuite name="tests.BDTest" tests="9" skipped="0" failures="0" errors="0" timestamp="2016-10-27T10:24:43" hostname="DESKTOP-MRKOMKK" time="0.836">
  <properties/>
  <testcase name="AtestInsertarUsuario" classname="tests.BDTest" time="0.145"/>
  <testcase name="testActualizarUsuario" classname="tests.BDTest" time="0.106"/>
  <testcase name="testEliminarUsuario" classname="tests.BDTest" time="0.08"/>
  <testcase name="testFindComentario" classname="tests.BDTest" time="0.092"/>
  <testcase name="testFindDeporte" classname="tests.BDTest" time="0.095"/>
  <testcase name="testFindEvento" classname="tests.BDTest" time="0.056"/>
  <testcase name="testFindMensaje" classname="tests.BDTest" time="0.114"/>
  <testcase name="testFindUsuario" classname="tests.BDTest" time="0.075"/>
  <testcase name="testListarDeportes" classname="tests.BDTest" time="0.073"/>
  <system-out><![CDATA[]]></system-out>
  <system-err><![CDATA[]]></system-err>
</testsuite>
