<?xml version="1.0" encoding="UTF-8"?>
<testsuite name="test.java.BDTest" tests="9" skipped="0" failures="0" errors="0" timestamp="2016-10-27T10:14:19" hostname="DESKTOP-MRKOMKK" time="0.822">
  <properties/>
  <testcase name="AtestInsertarUsuario" classname="test.java.BDTest" time="0.138"/>
  <testcase name="testActualizarUsuario" classname="test.java.BDTest" time="0.1"/>
  <testcase name="testEliminarUsuario" classname="test.java.BDTest" time="0.082"/>
  <testcase name="testFindComentario" classname="test.java.BDTest" time="0.097"/>
  <testcase name="testFindDeporte" classname="test.java.BDTest" time="0.086"/>
  <testcase name="testFindEvento" classname="test.java.BDTest" time="0.068"/>
  <testcase name="testFindMensaje" classname="test.java.BDTest" time="0.078"/>
  <testcase name="testFindUsuario" classname="test.java.BDTest" time="0.112"/>
  <testcase name="testListarDeportes" classname="test.java.BDTest" time="0.06"/>
  <system-out><![CDATA[]]></system-out>
  <system-err><![CDATA[]]></system-err>
</testsuite>
