<?xml version="1.0" encoding="UTF-8"?>
<testsuite name="test.java.UsuariosServletTest" tests="4" skipped="0" failures="0" errors="0" timestamp="2016-10-27T10:14:20" hostname="DESKTOP-MRKOMKK" time="10.771">
  <properties/>
  <testcase name="testPostErroneo" classname="test.java.UsuariosServletTest" time="10.549"/>
  <testcase name="testGetOK" classname="test.java.UsuariosServletTest" time="0.065"/>
  <testcase name="testGetErroneo" classname="test.java.UsuariosServletTest" time="0.076"/>
  <testcase name="testPostOK" classname="test.java.UsuariosServletTest" time="0.08"/>
  <system-out><![CDATA[Error al insertar usuario
Error en buscar Usuario
]]></system-out>
  <system-err><![CDATA[]]></system-err>
</testsuite>
