<?xml version="1.0" encoding="UTF-8"?>
<testsuite name="tests.UsuariosServletTest" tests="4" skipped="0" failures="0" errors="0" timestamp="2016-10-27T10:24:44" hostname="DESKTOP-MRKOMKK" time="4.901">
  <properties/>
  <testcase name="testPostErroneo" classname="tests.UsuariosServletTest" time="4.436"/>
  <testcase name="testGetOK" classname="tests.UsuariosServletTest" time="0.064"/>
  <testcase name="testGetErroneo" classname="tests.UsuariosServletTest" time="0.218"/>
  <testcase name="testPostOK" classname="tests.UsuariosServletTest" time="0.183"/>
  <system-out><![CDATA[Error al insertar usuario
Error en buscar Usuario
]]></system-out>
  <system-err><![CDATA[]]></system-err>
</testsuite>
